<?xml version="1.0" encoding="UTF-8"?>
<testng-results ignored="0" total="49" passed="49" failed="0" skipped="0">
  <reporter-output>
  </reporter-output>
  <suite started-at="2026-04-26T20:08:51 IST" name="Default suite" finished-at="2026-04-26T20:09:29 IST" duration-ms="38873">
    <groups>
      <group name="cucumber">
        <method signature="AbstractTestNGCucumberTests.runScenario(io.cucumber.testng.PickleWrapper,io.cucumber.testng.FeatureWrapper)[pri:0, instance:runner.TestRunner@1a677343]" name="runScenario" class="io.cucumber.testng.AbstractTestNGCucumberTests"/>
      </group> <!-- cucumber -->
    </groups>
    <test started-at="2026-04-26T20:08:51 IST" name="Default test" finished-at="2026-04-26T20:09:29 IST" duration-ms="38873">
      <class name="runner.TestRunner">
        <test-method is-config="true" signature="setUpClass(org.testng.ITestContext)[pri:0, instance:runner.TestRunner@1a677343]" started-at="2026-04-26T20:08:51 IST" name="setUpClass" finished-at="2026-04-26T20:08:52 IST" duration-ms="1320" status="PASS">
          <params>
            <param index="0">
              <value>
                <![CDATA[org.testng.TestRunner@71b26880]]>
              </value>
            </param>
          </params>
          <reporter-output>
          </reporter-output>
        </test-method> <!-- setUpClass -->
        <test-method signature="runScenario(io.cucumber.testng.PickleWrapper,io.cucumber.testng.FeatureWrapper)[pri:0, instance:runner.TestRunner@1a677343]" started-at="2026-04-26T20:08:52 IST" name="runScenario" description="Runs Cucumber Scenarios" data-provider="scenarios" finished-at="2026-04-26T20:08:58 IST" duration-ms="6029" status="PASS">
          <params>
            <param index="0">
              <value>
                <![CDATA["TC_01 Valid login"]]>
              </value>
            </param>
            <param index="1">
              <value>
                <![CDATA["Authentication API Test Cases"]]>
              </value>
            </param>
          </params>
          <reporter-output>
          </reporter-output>
        </test-method> <!-- runScenario -->
        <test-method signature="runScenario(io.cucumber.testng.PickleWrapper,io.cucumber.testng.FeatureWrapper)[pri:0, instance:runner.TestRunner@1a677343]" started-at="2026-04-26T20:08:58 IST" name="runScenario" description="Runs Cucumber Scenarios" data-provider="scenarios" finished-at="2026-04-26T20:08:59 IST" duration-ms="842" status="PASS">
          <params>
            <param index="0">
              <value>
                <![CDATA["TC_02 Invalid password"]]>
              </value>
            </param>
            <param index="1">
              <value>
                <![CDATA["Authentication API Test Cases"]]>
              </value>
            </param>
          </params>
          <reporter-output>
          </reporter-output>
        </test-method> <!-- runScenario -->
        <test-method signature="runScenario(io.cucumber.testng.PickleWrapper,io.cucumber.testng.FeatureWrapper)[pri:0, instance:runner.TestRunner@1a677343]" started-at="2026-04-26T20:08:59 IST" name="runScenario" description="Runs Cucumber Scenarios" data-provider="scenarios" finished-at="2026-04-26T20:09:00 IST" duration-ms="863" status="PASS">
          <params>
            <param index="0">
              <value>
                <![CDATA["TC_03 Invalid username"]]>
              </value>
            </param>
            <param index="1">
              <value>
                <![CDATA["Authentication API Test Cases"]]>
              </value>
            </param>
          </params>
          <reporter-output>
          </reporter-output>
        </test-method> <!-- runScenario -->
        <test-method signature="runScenario(io.cucumber.testng.PickleWrapper,io.cucumber.testng.FeatureWrapper)[pri:0, instance:runner.TestRunner@1a677343]" started-at="2026-04-26T20:09:00 IST" name="runScenario" description="Runs Cucumber Scenarios" data-provider="scenarios" finished-at="2026-04-26T20:09:00 IST" duration-ms="604" status="PASS">
          <params>
            <param index="0">
              <value>
                <![CDATA["TC_04 Empty username"]]>
              </value>
            </param>
            <param index="1">
              <value>
                <![CDATA["Authentication API Test Cases"]]>
              </value>
            </param>
          </params>
          <reporter-output>
          </reporter-output>
        </test-method> <!-- runScenario -->
        <test-method signature="runScenario(io.cucumber.testng.PickleWrapper,io.cucumber.testng.FeatureWrapper)[pri:0, instance:runner.TestRunner@1a677343]" started-at="2026-04-26T20:09:00 IST" name="runScenario" description="Runs Cucumber Scenarios" data-provider="scenarios" finished-at="2026-04-26T20:09:01 IST" duration-ms="814" status="PASS">
          <params>
            <param index="0">
              <value>
                <![CDATA["TC_05 Empty password"]]>
              </value>
            </param>
            <param index="1">
              <value>
                <![CDATA["Authentication API Test Cases"]]>
              </value>
            </param>
          </params>
          <reporter-output>
          </reporter-output>
        </test-method> <!-- runScenario -->
        <test-method signature="runScenario(io.cucumber.testng.PickleWrapper,io.cucumber.testng.FeatureWrapper)[pri:0, instance:runner.TestRunner@1a677343]" started-at="2026-04-26T20:09:01 IST" name="runScenario" description="Runs Cucumber Scenarios" data-provider="scenarios" finished-at="2026-04-26T20:09:02 IST" duration-ms="606" status="PASS">
          <params>
            <param index="0">
              <value>
                <![CDATA["TC_06 Missing fields"]]>
              </value>
            </param>
            <param index="1">
              <value>
                <![CDATA["Authentication API Test Cases"]]>
              </value>
            </param>
          </params>
          <reporter-output>
          </reporter-output>
        </test-method> <!-- runScenario -->
        <test-method signature="runScenario(io.cucumber.testng.PickleWrapper,io.cucumber.testng.FeatureWrapper)[pri:0, instance:runner.TestRunner@1a677343]" started-at="2026-04-26T20:09:02 IST" name="runScenario" description="Runs Cucumber Scenarios" data-provider="scenarios" finished-at="2026-04-26T20:09:03 IST" duration-ms="898" status="PASS">
          <params>
            <param index="0">
              <value>
                <![CDATA["TC_07 SQL injection attempt"]]>
              </value>
            </param>
            <param index="1">
              <value>
                <![CDATA["Authentication API Test Cases"]]>
              </value>
            </param>
          </params>
          <reporter-output>
          </reporter-output>
        </test-method> <!-- runScenario -->
        <test-method signature="runScenario(io.cucumber.testng.PickleWrapper,io.cucumber.testng.FeatureWrapper)[pri:0, instance:runner.TestRunner@1a677343]" started-at="2026-04-26T20:09:03 IST" name="runScenario" description="Runs Cucumber Scenarios" data-provider="scenarios" finished-at="2026-04-26T20:09:03 IST" duration-ms="726" status="PASS">
          <params>
            <param index="0">
              <value>
                <![CDATA["TC_08 Long input values"]]>
              </value>
            </param>
            <param index="1">
              <value>
                <![CDATA["Authentication API Test Cases"]]>
              </value>
            </param>
          </params>
          <reporter-output>
          </reporter-output>
        </test-method> <!-- runScenario -->
        <test-method signature="runScenario(io.cucumber.testng.PickleWrapper,io.cucumber.testng.FeatureWrapper)[pri:0, instance:runner.TestRunner@1a677343]" started-at="2026-04-26T20:09:03 IST" name="runScenario" description="Runs Cucumber Scenarios" data-provider="scenarios" finished-at="2026-04-26T20:09:04 IST" duration-ms="827" status="PASS">
          <params>
            <param index="0">
              <value>
                <![CDATA["TC_09 Special characters"]]>
              </value>
            </param>
            <param index="1">
              <value>
                <![CDATA["Authentication API Test Cases"]]>
              </value>
            </param>
          </params>
          <reporter-output>
          </reporter-output>
        </test-method> <!-- runScenario -->
        <test-method signature="runScenario(io.cucumber.testng.PickleWrapper,io.cucumber.testng.FeatureWrapper)[pri:0, instance:runner.TestRunner@1a677343]" started-at="2026-04-26T20:09:04 IST" name="runScenario" description="Runs Cucumber Scenarios" data-provider="scenarios" finished-at="2026-04-26T20:09:05 IST" duration-ms="756" status="PASS">
          <params>
            <param index="0">
              <value>
                <![CDATA["TC_10 Response time"]]>
              </value>
            </param>
            <param index="1">
              <value>
                <![CDATA["Authentication API Test Cases"]]>
              </value>
            </param>
          </params>
          <reporter-output>
          </reporter-output>
        </test-method> <!-- runScenario -->
        <test-method signature="runScenario(io.cucumber.testng.PickleWrapper,io.cucumber.testng.FeatureWrapper)[pri:0, instance:runner.TestRunner@1a677343]" started-at="2026-04-26T20:09:05 IST" name="runScenario" description="Runs Cucumber Scenarios" data-provider="scenarios" finished-at="2026-04-26T20:09:06 IST" duration-ms="872" status="PASS">
          <params>
            <param index="0">
              <value>
                <![CDATA["TC_26 Get all carts"]]>
              </value>
            </param>
            <param index="1">
              <value>
                <![CDATA["Cart API Testing"]]>
              </value>
            </param>
          </params>
          <reporter-output>
          </reporter-output>
        </test-method> <!-- runScenario -->
        <test-method signature="runScenario(io.cucumber.testng.PickleWrapper,io.cucumber.testng.FeatureWrapper)[pri:0, instance:runner.TestRunner@1a677343]" started-at="2026-04-26T20:09:06 IST" name="runScenario" description="Runs Cucumber Scenarios" data-provider="scenarios" finished-at="2026-04-26T20:09:07 IST" duration-ms="841" status="PASS">
          <params>
            <param index="0">
              <value>
                <![CDATA["TC_27 Validate cart list"]]>
              </value>
            </param>
            <param index="1">
              <value>
                <![CDATA["Cart API Testing"]]>
              </value>
            </param>
          </params>
          <reporter-output>
          </reporter-output>
        </test-method> <!-- runScenario -->
        <test-method signature="runScenario(io.cucumber.testng.PickleWrapper,io.cucumber.testng.FeatureWrapper)[pri:0, instance:runner.TestRunner@1a677343]" started-at="2026-04-26T20:09:07 IST" name="runScenario" description="Runs Cucumber Scenarios" data-provider="scenarios" finished-at="2026-04-26T20:09:07 IST" duration-ms="588" status="PASS">
          <params>
            <param index="0">
              <value>
                <![CDATA["TC_28 Create cart valid data"]]>
              </value>
            </param>
            <param index="1">
              <value>
                <![CDATA["Cart API Testing"]]>
              </value>
            </param>
          </params>
          <reporter-output>
          </reporter-output>
        </test-method> <!-- runScenario -->
        <test-method signature="runScenario(io.cucumber.testng.PickleWrapper,io.cucumber.testng.FeatureWrapper)[pri:0, instance:runner.TestRunner@1a677343]" started-at="2026-04-26T20:09:07 IST" name="runScenario" description="Runs Cucumber Scenarios" data-provider="scenarios" finished-at="2026-04-26T20:09:08 IST" duration-ms="593" status="PASS">
          <params>
            <param index="0">
              <value>
                <![CDATA["TC_29 Missing userId"]]>
              </value>
            </param>
            <param index="1">
              <value>
                <![CDATA["Cart API Testing"]]>
              </value>
            </param>
          </params>
          <reporter-output>
          </reporter-output>
        </test-method> <!-- runScenario -->
        <test-method signature="runScenario(io.cucumber.testng.PickleWrapper,io.cucumber.testng.FeatureWrapper)[pri:0, instance:runner.TestRunner@1a677343]" started-at="2026-04-26T20:09:08 IST" name="runScenario" description="Runs Cucumber Scenarios" data-provider="scenarios" finished-at="2026-04-26T20:09:08 IST" duration-ms="640" status="PASS">
          <params>
            <param index="0">
              <value>
                <![CDATA["TC_30 Missing products"]]>
              </value>
            </param>
            <param index="1">
              <value>
                <![CDATA["Cart API Testing"]]>
              </value>
            </param>
          </params>
          <reporter-output>
          </reporter-output>
        </test-method> <!-- runScenario -->
        <test-method signature="runScenario(io.cucumber.testng.PickleWrapper,io.cucumber.testng.FeatureWrapper)[pri:0, instance:runner.TestRunner@1a677343]" started-at="2026-04-26T20:09:08 IST" name="runScenario" description="Runs Cucumber Scenarios" data-provider="scenarios" finished-at="2026-04-26T20:09:09 IST" duration-ms="528" status="PASS">
          <params>
            <param index="0">
              <value>
                <![CDATA["TC_31 Invalid productId"]]>
              </value>
            </param>
            <param index="1">
              <value>
                <![CDATA["Cart API Testing"]]>
              </value>
            </param>
          </params>
          <reporter-output>
          </reporter-output>
        </test-method> <!-- runScenario -->
        <test-method signature="runScenario(io.cucumber.testng.PickleWrapper,io.cucumber.testng.FeatureWrapper)[pri:0, instance:runner.TestRunner@1a677343]" started-at="2026-04-26T20:09:09 IST" name="runScenario" description="Runs Cucumber Scenarios" data-provider="scenarios" finished-at="2026-04-26T20:09:10 IST" duration-ms="696" status="PASS">
          <params>
            <param index="0">
              <value>
                <![CDATA["TC_32 Invalid quantity"]]>
              </value>
            </param>
            <param index="1">
              <value>
                <![CDATA["Cart API Testing"]]>
              </value>
            </param>
          </params>
          <reporter-output>
          </reporter-output>
        </test-method> <!-- runScenario -->
        <test-method signature="runScenario(io.cucumber.testng.PickleWrapper,io.cucumber.testng.FeatureWrapper)[pri:0, instance:runner.TestRunner@1a677343]" started-at="2026-04-26T20:09:10 IST" name="runScenario" description="Runs Cucumber Scenarios" data-provider="scenarios" finished-at="2026-04-26T20:09:10 IST" duration-ms="615" status="PASS">
          <params>
            <param index="0">
              <value>
                <![CDATA["TC_33 Negative quantity"]]>
              </value>
            </param>
            <param index="1">
              <value>
                <![CDATA["Cart API Testing"]]>
              </value>
            </param>
          </params>
          <reporter-output>
          </reporter-output>
        </test-method> <!-- runScenario -->
        <test-method signature="runScenario(io.cucumber.testng.PickleWrapper,io.cucumber.testng.FeatureWrapper)[pri:0, instance:runner.TestRunner@1a677343]" started-at="2026-04-26T20:09:10 IST" name="runScenario" description="Runs Cucumber Scenarios" data-provider="scenarios" finished-at="2026-04-26T20:09:11 IST" duration-ms="570" status="PASS">
          <params>
            <param index="0">
              <value>
                <![CDATA["TC_34 Large quantity"]]>
              </value>
            </param>
            <param index="1">
              <value>
                <![CDATA["Cart API Testing"]]>
              </value>
            </param>
          </params>
          <reporter-output>
          </reporter-output>
        </test-method> <!-- runScenario -->
        <test-method signature="runScenario(io.cucumber.testng.PickleWrapper,io.cucumber.testng.FeatureWrapper)[pri:0, instance:runner.TestRunner@1a677343]" started-at="2026-04-26T20:09:11 IST" name="runScenario" description="Runs Cucumber Scenarios" data-provider="scenarios" finished-at="2026-04-26T20:09:12 IST" duration-ms="640" status="PASS">
          <params>
            <param index="0">
              <value>
                <![CDATA["TC_35 Invalid date format"]]>
              </value>
            </param>
            <param index="1">
              <value>
                <![CDATA["Cart API Testing"]]>
              </value>
            </param>
          </params>
          <reporter-output>
          </reporter-output>
        </test-method> <!-- runScenario -->
        <test-method signature="runScenario(io.cucumber.testng.PickleWrapper,io.cucumber.testng.FeatureWrapper)[pri:0, instance:runner.TestRunner@1a677343]" started-at="2026-04-26T20:09:12 IST" name="runScenario" description="Runs Cucumber Scenarios" data-provider="scenarios" finished-at="2026-04-26T20:09:12 IST" duration-ms="497" status="PASS">
          <params>
            <param index="0">
              <value>
                <![CDATA["TC_36 Empty body"]]>
              </value>
            </param>
            <param index="1">
              <value>
                <![CDATA["Cart API Testing"]]>
              </value>
            </param>
          </params>
          <reporter-output>
          </reporter-output>
        </test-method> <!-- runScenario -->
        <test-method signature="runScenario(io.cucumber.testng.PickleWrapper,io.cucumber.testng.FeatureWrapper)[pri:0, instance:runner.TestRunner@1a677343]" started-at="2026-04-26T20:09:12 IST" name="runScenario" description="Runs Cucumber Scenarios" data-provider="scenarios" finished-at="2026-04-26T20:09:13 IST" duration-ms="534" status="PASS">
          <params>
            <param index="0">
              <value>
                <![CDATA["TC_37 Extra fields"]]>
              </value>
            </param>
            <param index="1">
              <value>
                <![CDATA["Cart API Testing"]]>
              </value>
            </param>
          </params>
          <reporter-output>
          </reporter-output>
        </test-method> <!-- runScenario -->
        <test-method signature="runScenario(io.cucumber.testng.PickleWrapper,io.cucumber.testng.FeatureWrapper)[pri:0, instance:runner.TestRunner@1a677343]" started-at="2026-04-26T20:09:13 IST" name="runScenario" description="Runs Cucumber Scenarios" data-provider="scenarios" finished-at="2026-04-26T20:09:13 IST" duration-ms="619" status="PASS">
          <params>
            <param index="0">
              <value>
                <![CDATA["TC_38 Response validation"]]>
              </value>
            </param>
            <param index="1">
              <value>
                <![CDATA["Cart API Testing"]]>
              </value>
            </param>
          </params>
          <reporter-output>
          </reporter-output>
        </test-method> <!-- runScenario -->
        <test-method signature="runScenario(io.cucumber.testng.PickleWrapper,io.cucumber.testng.FeatureWrapper)[pri:0, instance:runner.TestRunner@1a677343]" started-at="2026-04-26T20:09:13 IST" name="runScenario" description="Runs Cucumber Scenarios" data-provider="scenarios" finished-at="2026-04-26T20:09:14 IST" duration-ms="704" status="PASS">
          <params>
            <param index="0">
              <value>
                <![CDATA["TC_39 Response time"]]>
              </value>
            </param>
            <param index="1">
              <value>
                <![CDATA["Cart API Testing"]]>
              </value>
            </param>
          </params>
          <reporter-output>
          </reporter-output>
        </test-method> <!-- runScenario -->
        <test-method signature="runScenario(io.cucumber.testng.PickleWrapper,io.cucumber.testng.FeatureWrapper)[pri:0, instance:runner.TestRunner@1a677343]" started-at="2026-04-26T20:09:14 IST" name="runScenario" description="Runs Cucumber Scenarios" data-provider="scenarios" finished-at="2026-04-26T20:09:14 IST" duration-ms="556" status="PASS">
          <params>
            <param index="0">
              <value>
                <![CDATA["TC_40 Content type check"]]>
              </value>
            </param>
            <param index="1">
              <value>
                <![CDATA["Cart API Testing"]]>
              </value>
            </param>
          </params>
          <reporter-output>
          </reporter-output>
        </test-method> <!-- runScenario -->
        <test-method signature="runScenario(io.cucumber.testng.PickleWrapper,io.cucumber.testng.FeatureWrapper)[pri:0, instance:runner.TestRunner@1a677343]" started-at="2026-04-26T20:09:14 IST" name="runScenario" description="Runs Cucumber Scenarios" data-provider="scenarios" finished-at="2026-04-26T20:09:15 IST" duration-ms="446" status="PASS">
          <params>
            <param index="0">
              <value>
                <![CDATA["Invalid endpoint returns 404"]]>
              </value>
            </param>
            <param index="1">
              <value>
                <![CDATA["General API validations for Login, Product and Cart APIs"]]>
              </value>
            </param>
          </params>
          <reporter-output>
          </reporter-output>
        </test-method> <!-- runScenario -->
        <test-method signature="runScenario(io.cucumber.testng.PickleWrapper,io.cucumber.testng.FeatureWrapper)[pri:0, instance:runner.TestRunner@1a677343]" started-at="2026-04-26T20:09:15 IST" name="runScenario" description="Runs Cucumber Scenarios" data-provider="scenarios" finished-at="2026-04-26T20:09:16 IST" duration-ms="614" status="PASS">
          <params>
            <param index="0">
              <value>
                <![CDATA["Invalid endpoint returns 404"]]>
              </value>
            </param>
            <param index="1">
              <value>
                <![CDATA["General API validations for Login, Product and Cart APIs"]]>
              </value>
            </param>
          </params>
          <reporter-output>
          </reporter-output>
        </test-method> <!-- runScenario -->
        <test-method signature="runScenario(io.cucumber.testng.PickleWrapper,io.cucumber.testng.FeatureWrapper)[pri:0, instance:runner.TestRunner@1a677343]" started-at="2026-04-26T20:09:16 IST" name="runScenario" description="Runs Cucumber Scenarios" data-provider="scenarios" finished-at="2026-04-26T20:09:16 IST" duration-ms="540" status="PASS">
          <params>
            <param index="0">
              <value>
                <![CDATA["Invalid endpoint returns 404"]]>
              </value>
            </param>
            <param index="1">
              <value>
                <![CDATA["General API validations for Login, Product and Cart APIs"]]>
              </value>
            </param>
          </params>
          <reporter-output>
          </reporter-output>
        </test-method> <!-- runScenario -->
        <test-method signature="runScenario(io.cucumber.testng.PickleWrapper,io.cucumber.testng.FeatureWrapper)[pri:0, instance:runner.TestRunner@1a677343]" started-at="2026-04-26T20:09:16 IST" name="runScenario" description="Runs Cucumber Scenarios" data-provider="scenarios" finished-at="2026-04-26T20:09:17 IST" duration-ms="583" status="PASS">
          <params>
            <param index="0">
              <value>
                <![CDATA["Method not allowed validation"]]>
              </value>
            </param>
            <param index="1">
              <value>
                <![CDATA["General API validations for Login, Product and Cart APIs"]]>
              </value>
            </param>
          </params>
          <reporter-output>
          </reporter-output>
        </test-method> <!-- runScenario -->
        <test-method signature="runScenario(io.cucumber.testng.PickleWrapper,io.cucumber.testng.FeatureWrapper)[pri:0, instance:runner.TestRunner@1a677343]" started-at="2026-04-26T20:09:17 IST" name="runScenario" description="Runs Cucumber Scenarios" data-provider="scenarios" finished-at="2026-04-26T20:09:17 IST" duration-ms="513" status="PASS">
          <params>
            <param index="0">
              <value>
                <![CDATA["Method not allowed validation"]]>
              </value>
            </param>
            <param index="1">
              <value>
                <![CDATA["General API validations for Login, Product and Cart APIs"]]>
              </value>
            </param>
          </params>
          <reporter-output>
          </reporter-output>
        </test-method> <!-- runScenario -->
        <test-method signature="runScenario(io.cucumber.testng.PickleWrapper,io.cucumber.testng.FeatureWrapper)[pri:0, instance:runner.TestRunner@1a677343]" started-at="2026-04-26T20:09:17 IST" name="runScenario" description="Runs Cucumber Scenarios" data-provider="scenarios" finished-at="2026-04-26T20:09:18 IST" duration-ms="710" status="PASS">
          <params>
            <param index="0">
              <value>
                <![CDATA["Method not allowed validation"]]>
              </value>
            </param>
            <param index="1">
              <value>
                <![CDATA["General API validations for Login, Product and Cart APIs"]]>
              </value>
            </param>
          </params>
          <reporter-output>
          </reporter-output>
        </test-method> <!-- runScenario -->
        <test-method signature="runScenario(io.cucumber.testng.PickleWrapper,io.cucumber.testng.FeatureWrapper)[pri:0, instance:runner.TestRunner@1a677343]" started-at="2026-04-26T20:09:18 IST" name="runScenario" description="Runs Cucumber Scenarios" data-provider="scenarios" finished-at="2026-04-26T20:09:18 IST" duration-ms="614" status="PASS">
          <params>
            <param index="0">
              <value>
                <![CDATA["API availability check"]]>
              </value>
            </param>
            <param index="1">
              <value>
                <![CDATA["General API validations for Login, Product and Cart APIs"]]>
              </value>
            </param>
          </params>
          <reporter-output>
          </reporter-output>
        </test-method> <!-- runScenario -->
        <test-method signature="runScenario(io.cucumber.testng.PickleWrapper,io.cucumber.testng.FeatureWrapper)[pri:0, instance:runner.TestRunner@1a677343]" started-at="2026-04-26T20:09:19 IST" name="runScenario" description="Runs Cucumber Scenarios" data-provider="scenarios" finished-at="2026-04-26T20:09:19 IST" duration-ms="605" status="PASS">
          <params>
            <param index="0">
              <value>
                <![CDATA["API availability check"]]>
              </value>
            </param>
            <param index="1">
              <value>
                <![CDATA["General API validations for Login, Product and Cart APIs"]]>
              </value>
            </param>
          </params>
          <reporter-output>
          </reporter-output>
        </test-method> <!-- runScenario -->
        <test-method signature="runScenario(io.cucumber.testng.PickleWrapper,io.cucumber.testng.FeatureWrapper)[pri:0, instance:runner.TestRunner@1a677343]" started-at="2026-04-26T20:09:19 IST" name="runScenario" description="Runs Cucumber Scenarios" data-provider="scenarios" finished-at="2026-04-26T20:09:20 IST" duration-ms="714" status="PASS">
          <params>
            <param index="0">
              <value>
                <![CDATA["API availability check"]]>
              </value>
            </param>
            <param index="1">
              <value>
                <![CDATA["General API validations for Login, Product and Cart APIs"]]>
              </value>
            </param>
          </params>
          <reporter-output>
          </reporter-output>
        </test-method> <!-- runScenario -->
        <test-method signature="runScenario(io.cucumber.testng.PickleWrapper,io.cucumber.testng.FeatureWrapper)[pri:0, instance:runner.TestRunner@1a677343]" started-at="2026-04-26T20:09:20 IST" name="runScenario" description="Runs Cucumber Scenarios" data-provider="scenarios" finished-at="2026-04-26T20:09:20 IST" duration-ms="472" status="PASS">
          <params>
            <param index="0">
              <value>
                <![CDATA["TC_11 Get all products"]]>
              </value>
            </param>
            <param index="1">
              <value>
                <![CDATA["Products API Testing"]]>
              </value>
            </param>
          </params>
          <reporter-output>
          </reporter-output>
        </test-method> <!-- runScenario -->
        <test-method signature="runScenario(io.cucumber.testng.PickleWrapper,io.cucumber.testng.FeatureWrapper)[pri:0, instance:runner.TestRunner@1a677343]" started-at="2026-04-26T20:09:20 IST" name="runScenario" description="Runs Cucumber Scenarios" data-provider="scenarios" finished-at="2026-04-26T20:09:21 IST" duration-ms="675" status="PASS">
          <params>
            <param index="0">
              <value>
                <![CDATA["TC_12 Validate non empty list"]]>
              </value>
            </param>
            <param index="1">
              <value>
                <![CDATA["Products API Testing"]]>
              </value>
            </param>
          </params>
          <reporter-output>
          </reporter-output>
        </test-method> <!-- runScenario -->
        <test-method signature="runScenario(io.cucumber.testng.PickleWrapper,io.cucumber.testng.FeatureWrapper)[pri:0, instance:runner.TestRunner@1a677343]" started-at="2026-04-26T20:09:21 IST" name="runScenario" description="Runs Cucumber Scenarios" data-provider="scenarios" finished-at="2026-04-26T20:09:22 IST" duration-ms="1072" status="PASS">
          <params>
            <param index="0">
              <value>
                <![CDATA["TC_13 Validate product fields"]]>
              </value>
            </param>
            <param index="1">
              <value>
                <![CDATA["Products API Testing"]]>
              </value>
            </param>
          </params>
          <reporter-output>
          </reporter-output>
        </test-method> <!-- runScenario -->
        <test-method signature="runScenario(io.cucumber.testng.PickleWrapper,io.cucumber.testng.FeatureWrapper)[pri:0, instance:runner.TestRunner@1a677343]" started-at="2026-04-26T20:09:22 IST" name="runScenario" description="Runs Cucumber Scenarios" data-provider="scenarios" finished-at="2026-04-26T20:09:23 IST" duration-ms="854" status="PASS">
          <params>
            <param index="0">
              <value>
                <![CDATA["TC_14 Validate data types"]]>
              </value>
            </param>
            <param index="1">
              <value>
                <![CDATA["Products API Testing"]]>
              </value>
            </param>
          </params>
          <reporter-output>
          </reporter-output>
        </test-method> <!-- runScenario -->
        <test-method signature="runScenario(io.cucumber.testng.PickleWrapper,io.cucumber.testng.FeatureWrapper)[pri:0, instance:runner.TestRunner@1a677343]" started-at="2026-04-26T20:09:23 IST" name="runScenario" description="Runs Cucumber Scenarios" data-provider="scenarios" finished-at="2026-04-26T20:09:23 IST" duration-ms="504" status="PASS">
          <params>
            <param index="0">
              <value>
                <![CDATA["TC_15 Get product by valid ID"]]>
              </value>
            </param>
            <param index="1">
              <value>
                <![CDATA["Products API Testing"]]>
              </value>
            </param>
          </params>
          <reporter-output>
          </reporter-output>
        </test-method> <!-- runScenario -->
        <test-method signature="runScenario(io.cucumber.testng.PickleWrapper,io.cucumber.testng.FeatureWrapper)[pri:0, instance:runner.TestRunner@1a677343]" started-at="2026-04-26T20:09:23 IST" name="runScenario" description="Runs Cucumber Scenarios" data-provider="scenarios" finished-at="2026-04-26T20:09:24 IST" duration-ms="571" status="PASS">
          <params>
            <param index="0">
              <value>
                <![CDATA["TC_16 Get product by invalid ID"]]>
              </value>
            </param>
            <param index="1">
              <value>
                <![CDATA["Products API Testing"]]>
              </value>
            </param>
          </params>
          <reporter-output>
          </reporter-output>
        </test-method> <!-- runScenario -->
        <test-method signature="runScenario(io.cucumber.testng.PickleWrapper,io.cucumber.testng.FeatureWrapper)[pri:0, instance:runner.TestRunner@1a677343]" started-at="2026-04-26T20:09:24 IST" name="runScenario" description="Runs Cucumber Scenarios" data-provider="scenarios" finished-at="2026-04-26T20:09:25 IST" duration-ms="564" status="PASS">
          <params>
            <param index="0">
              <value>
                <![CDATA["TC_17 Negative ID"]]>
              </value>
            </param>
            <param index="1">
              <value>
                <![CDATA["Products API Testing"]]>
              </value>
            </param>
          </params>
          <reporter-output>
          </reporter-output>
        </test-method> <!-- runScenario -->
        <test-method signature="runScenario(io.cucumber.testng.PickleWrapper,io.cucumber.testng.FeatureWrapper)[pri:0, instance:runner.TestRunner@1a677343]" started-at="2026-04-26T20:09:25 IST" name="runScenario" description="Runs Cucumber Scenarios" data-provider="scenarios" finished-at="2026-04-26T20:09:25 IST" duration-ms="567" status="PASS">
          <params>
            <param index="0">
              <value>
                <![CDATA["TC_18 String instead of ID"]]>
              </value>
            </param>
            <param index="1">
              <value>
                <![CDATA["Products API Testing"]]>
              </value>
            </param>
          </params>
          <reporter-output>
          </reporter-output>
        </test-method> <!-- runScenario -->
        <test-method signature="runScenario(io.cucumber.testng.PickleWrapper,io.cucumber.testng.FeatureWrapper)[pri:0, instance:runner.TestRunner@1a677343]" started-at="2026-04-26T20:09:25 IST" name="runScenario" description="Runs Cucumber Scenarios" data-provider="scenarios" finished-at="2026-04-26T20:09:26 IST" duration-ms="538" status="PASS">
          <params>
            <param index="0">
              <value>
                <![CDATA["TC_19 Check response time"]]>
              </value>
            </param>
            <param index="1">
              <value>
                <![CDATA["Products API Testing"]]>
              </value>
            </param>
          </params>
          <reporter-output>
          </reporter-output>
        </test-method> <!-- runScenario -->
        <test-method signature="runScenario(io.cucumber.testng.PickleWrapper,io.cucumber.testng.FeatureWrapper)[pri:0, instance:runner.TestRunner@1a677343]" started-at="2026-04-26T20:09:26 IST" name="runScenario" description="Runs Cucumber Scenarios" data-provider="scenarios" finished-at="2026-04-26T20:09:26 IST" duration-ms="501" status="PASS">
          <params>
            <param index="0">
              <value>
                <![CDATA["TC_20 Validate price greater than zero"]]>
              </value>
            </param>
            <param index="1">
              <value>
                <![CDATA["Products API Testing"]]>
              </value>
            </param>
          </params>
          <reporter-output>
          </reporter-output>
        </test-method> <!-- runScenario -->
        <test-method signature="runScenario(io.cucumber.testng.PickleWrapper,io.cucumber.testng.FeatureWrapper)[pri:0, instance:runner.TestRunner@1a677343]" started-at="2026-04-26T20:09:26 IST" name="runScenario" description="Runs Cucumber Scenarios" data-provider="scenarios" finished-at="2026-04-26T20:09:27 IST" duration-ms="606" status="PASS">
          <params>
            <param index="0">
              <value>
                <![CDATA["TC_21 Check title not empty"]]>
              </value>
            </param>
            <param index="1">
              <value>
                <![CDATA["Products API Testing"]]>
              </value>
            </param>
          </params>
          <reporter-output>
          </reporter-output>
        </test-method> <!-- runScenario -->
        <test-method signature="runScenario(io.cucumber.testng.PickleWrapper,io.cucumber.testng.FeatureWrapper)[pri:0, instance:runner.TestRunner@1a677343]" started-at="2026-04-26T20:09:27 IST" name="runScenario" description="Runs Cucumber Scenarios" data-provider="scenarios" finished-at="2026-04-26T20:09:27 IST" duration-ms="529" status="PASS">
          <params>
            <param index="0">
              <value>
                <![CDATA["TC_22 API without endpoint"]]>
              </value>
            </param>
            <param index="1">
              <value>
                <![CDATA["Products API Testing"]]>
              </value>
            </param>
          </params>
          <reporter-output>
          </reporter-output>
        </test-method> <!-- runScenario -->
        <test-method signature="runScenario(io.cucumber.testng.PickleWrapper,io.cucumber.testng.FeatureWrapper)[pri:0, instance:runner.TestRunner@1a677343]" started-at="2026-04-26T20:09:27 IST" name="runScenario" description="Runs Cucumber Scenarios" data-provider="scenarios" finished-at="2026-04-26T20:09:28 IST" duration-ms="601" status="PASS">
          <params>
            <param index="0">
              <value>
                <![CDATA["TC_23 Unsupported method"]]>
              </value>
            </param>
            <param index="1">
              <value>
                <![CDATA["Products API Testing"]]>
              </value>
            </param>
          </params>
          <reporter-output>
          </reporter-output>
        </test-method> <!-- runScenario -->
        <test-method signature="runScenario(io.cucumber.testng.PickleWrapper,io.cucumber.testng.FeatureWrapper)[pri:0, instance:runner.TestRunner@1a677343]" started-at="2026-04-26T20:09:28 IST" name="runScenario" description="Runs Cucumber Scenarios" data-provider="scenarios" finished-at="2026-04-26T20:09:29 IST" duration-ms="716" status="PASS">
          <params>
            <param index="0">
              <value>
                <![CDATA["TC_24 Check headers"]]>
              </value>
            </param>
            <param index="1">
              <value>
                <![CDATA["Products API Testing"]]>
              </value>
            </param>
          </params>
          <reporter-output>
          </reporter-output>
        </test-method> <!-- runScenario -->
        <test-method signature="runScenario(io.cucumber.testng.PickleWrapper,io.cucumber.testng.FeatureWrapper)[pri:0, instance:runner.TestRunner@1a677343]" started-at="2026-04-26T20:09:29 IST" name="runScenario" description="Runs Cucumber Scenarios" data-provider="scenarios" finished-at="2026-04-26T20:09:29 IST" duration-ms="530" status="PASS">
          <params>
            <param index="0">
              <value>
                <![CDATA["TC_25 Large response handling"]]>
              </value>
            </param>
            <param index="1">
              <value>
                <![CDATA["Products API Testing"]]>
              </value>
            </param>
          </params>
          <reporter-output>
          </reporter-output>
        </test-method> <!-- runScenario -->
        <test-method is-config="true" signature="tearDownClass()[pri:0, instance:runner.TestRunner@1a677343]" started-at="2026-04-26T20:09:29 IST" name="tearDownClass" finished-at="2026-04-26T20:09:29 IST" duration-ms="191" status="PASS">
          <reporter-output>
          </reporter-output>
        </test-method> <!-- tearDownClass -->
      </class> <!-- runner.TestRunner -->
    </test> <!-- Default test -->
  </suite> <!-- Default suite -->
</testng-results>
