<?xml version="1.0" encoding="UTF-8"?>
<!-- Generated by org.testng.reporters.JUnitReportReporter -->
<testsuite hostname="LTPBAN292670209" failures="0" tests="49" name="runner.TestRunner" time="37.097" errors="0" timestamp="2026-04-26T20:09:30 IST" skipped="0">
  <testcase classname="runner.TestRunner" name="runScenario" time="0.601"/>
  <testcase classname="runner.TestRunner" name="runScenario" time="0.710"/>
  <testcase classname="runner.TestRunner" name="runScenario" time="0.716"/>
  <testcase classname="runner.TestRunner" name="runScenario" time="0.567"/>
  <testcase classname="runner.TestRunner" name="runScenario" time="0.556"/>
  <testcase classname="runner.TestRunner" name="runScenario" time="0.571"/>
  <testcase classname="runner.TestRunner" name="runScenario" time="0.841"/>
  <testcase classname="runner.TestRunner" name="runScenario" time="0.528"/>
  <testcase classname="runner.TestRunner" name="runScenario" time="0.714"/>
  <testcase classname="runner.TestRunner" name="runScenario" time="0.675"/>
  <testcase classname="runner.TestRunner" name="runScenario" time="0.501"/>
  <testcase classname="runner.TestRunner" name="runScenario" time="0.606"/>
  <testcase classname="runner.TestRunner" name="runScenario" time="0.605"/>
  <testcase classname="runner.TestRunner" name="runScenario" time="0.504"/>
  <testcase classname="runner.TestRunner" name="runScenario" time="0.640"/>
  <testcase classname="runner.TestRunner" name="runScenario" time="0.872"/>
  <testcase classname="runner.TestRunner" name="runScenario" time="0.640"/>
  <testcase classname="runner.TestRunner" name="runScenario" time="6.029"/>
  <testcase classname="runner.TestRunner" name="runScenario" time="0.842"/>
  <testcase classname="runner.TestRunner" name="runScenario" time="0.530"/>
  <testcase classname="runner.TestRunner" name="runScenario" time="1.072"/>
  <testcase classname="runner.TestRunner" name="runScenario" time="0.583"/>
  <testcase classname="runner.TestRunner" name="runScenario" time="0.604"/>
  <testcase classname="runner.TestRunner" name="runScenario" time="0.588"/>
  <testcase classname="runner.TestRunner" name="runScenario" time="0.898"/>
  <testcase classname="runner.TestRunner" name="runScenario" time="0.756"/>
  <testcase classname="runner.TestRunner" name="runScenario" time="0.814"/>
  <testcase classname="runner.TestRunner" name="runScenario" time="0.726"/>
  <testcase classname="runner.TestRunner" name="runScenario" time="0.534"/>
  <testcase classname="runner.TestRunner" name="runScenario" time="0.606"/>
  <testcase classname="runner.TestRunner" name="runScenario" time="0.704"/>
  <testcase classname="runner.TestRunner" name="runScenario" time="0.446"/>
  <testcase classname="runner.TestRunner" name="runScenario" time="0.615"/>
  <testcase classname="runner.TestRunner" name="runScenario" time="0.827"/>
  <testcase classname="runner.TestRunner" name="runScenario" time="0.472"/>
  <testcase classname="runner.TestRunner" name="runScenario" time="0.540"/>
  <testcase classname="runner.TestRunner" name="runScenario" time="0.619"/>
  <testcase classname="runner.TestRunner" name="runScenario" time="0.538"/>
  <testcase classname="runner.TestRunner" name="runScenario" time="0.854"/>
  <testcase classname="runner.TestRunner" name="runScenario" time="0.570"/>
  <testcase classname="runner.TestRunner" name="runScenario" time="0.614"/>
  <testcase classname="runner.TestRunner" name="runScenario" time="0.564"/>
  <testcase classname="runner.TestRunner" name="runScenario" time="0.513"/>
  <testcase classname="runner.TestRunner" name="runScenario" time="0.614"/>
  <testcase classname="runner.TestRunner" name="runScenario" time="0.593"/>
  <testcase classname="runner.TestRunner" name="runScenario" time="0.696"/>
  <testcase classname="runner.TestRunner" name="runScenario" time="0.863"/>
  <testcase classname="runner.TestRunner" name="runScenario" time="0.497"/>
  <testcase classname="runner.TestRunner" name="runScenario" time="0.529"/>
</testsuite> <!-- runner.TestRunner -->
